{
  "RSpec": {
    "coverage": {
      "/home/akash.abraham/Developer/Training/Project/Viewd/app/controllers/application_controller.rb": {
        "lines": [
          1,
          1,
          null,
          1,
          null,
          1,
          null,
          1,
          null,
          1,
          127,
          null,
          null,
          1,
          21,
          1,
          null,
          null,
          null,
          1,
          1,
          null,
          null,
          null,
          null,
          null,
          1,
          2,
          null,
          null
        ]
      },
      "/home/akash.abraham/Developer/Training/Project/Viewd/app/helpers/application_helper.rb": {
        "lines": [
          1,
          null
        ]
      },
      "/home/akash.abraham/Developer/Training/Project/Viewd/app/helpers/cast_helper.rb": {
        "lines": [
          1,
          null
        ]
      },
      "/home/akash.abraham/Developer/Training/Project/Viewd/app/helpers/favorites_helper.rb": {
        "lines": [
          1,
          null
        ]
      },
      "/home/akash.abraham/Developer/Training/Project/Viewd/app/helpers/follows_helper.rb": {
        "lines": [
          1,
          null
        ]
      },
      "/home/akash.abraham/Developer/Training/Project/Viewd/app/helpers/genres_helper.rb": {
        "lines": [
          1,
          null
        ]
      },
      "/home/akash.abraham/Developer/Training/Project/Viewd/app/helpers/library_entries_helper.rb": {
        "lines": [
          1,
          null
        ]
      },
      "/home/akash.abraham/Developer/Training/Project/Viewd/app/helpers/likes_helper.rb": {
        "lines": [
          1,
          null
        ]
      },
      "/home/akash.abraham/Developer/Training/Project/Viewd/app/helpers/members_helper.rb": {
        "lines": [
          1,
          null
        ]
      },
      "/home/akash.abraham/Developer/Training/Project/Viewd/app/helpers/memberships_helper.rb": {
        "lines": [
          1,
          null
        ]
      },
      "/home/akash.abraham/Developer/Training/Project/Viewd/app/helpers/movies_helper.rb": {
        "lines": [
          1,
          null
        ]
      },
      "/home/akash.abraham/Developer/Training/Project/Viewd/app/helpers/rating_helper.rb": {
        "lines": [
          1,
          null
        ]
      },
      "/home/akash.abraham/Developer/Training/Project/Viewd/app/helpers/reviews_helper.rb": {
        "lines": [
          1,
          null
        ]
      },
      "/home/akash.abraham/Developer/Training/Project/Viewd/app/helpers/users_helper.rb": {
        "lines": [
          1,
          null
        ]
      },
      "/home/akash.abraham/Developer/Training/Project/Viewd/app/models/admin_user.rb": {
        "lines": [
          1,
          null,
          null,
          1,
          null,
          null,
          1,
          1,
          null,
          null
        ]
      },
      "/home/akash.abraham/Developer/Training/Project/Viewd/app/models/application_record.rb": {
        "lines": [
          1,
          1,
          null
        ]
      },
      "/home/akash.abraham/Developer/Training/Project/Viewd/app/admin/admin_users.rb": {
        "lines": [
          1,
          1,
          null,
          1,
          0,
          0,
          0,
          0,
          0,
          0,
          null,
          null,
          1,
          1,
          1,
          null,
          1,
          0,
          0,
          0,
          0,
          null,
          0,
          null,
          null,
          1,
          1,
          0,
          0,
          0,
          null,
          0,
          null,
          null,
          null,
          null
        ]
      },
      "/home/akash.abraham/Developer/Training/Project/Viewd/app/admin/casts.rb": {
        "lines": [
          1,
          1,
          null,
          1,
          1,
          1,
          null,
          1,
          1,
          1,
          4,
          null,
          1,
          3,
          3,
          3,
          3,
          null,
          3,
          6,
          3,
          3,
          null,
          null,
          1,
          1,
          1,
          1,
          1,
          1,
          1,
          null,
          null,
          null,
          1,
          1,
          1,
          1,
          1,
          null,
          null,
          1,
          1,
          null,
          null,
          1,
          1,
          null,
          null,
          null,
          null,
          null,
          null,
          1,
          1,
          1,
          1,
          1,
          1,
          null,
          1,
          null
        ]
      },
      "/home/akash.abraham/Developer/Training/Project/Viewd/app/models/cast.rb": {
        "lines": [
          1,
          1,
          1,
          null,
          1,
          null,
          5,
          4,
          null,
          1,
          111,
          null,
          null,
          1,
          40,
          null,
          null
        ]
      },
      "/home/akash.abraham/Developer/Training/Project/Viewd/app/admin/connections.rb": {
        "lines": [
          1,
          1,
          null,
          1,
          1,
          1,
          null,
          1,
          0,
          0,
          0,
          0,
          null,
          0,
          0,
          null,
          0,
          0,
          null,
          null,
          1,
          0,
          0,
          0,
          0,
          null,
          0,
          null
        ]
      },
      "/home/akash.abraham/Developer/Training/Project/Viewd/app/models/connection.rb": {
        "lines": [
          1,
          1,
          1,
          null,
          1,
          null,
          null,
          null,
          null,
          1,
          null,
          1,
          null,
          1,
          5,
          null,
          null,
          null,
          null,
          1,
          1,
          null,
          null,
          1,
          1,
          null,
          null,
          null
        ]
      },
      "/home/akash.abraham/Developer/Training/Project/Viewd/app/admin/credits.rb": {
        "lines": [
          1,
          1,
          null,
          1,
          1,
          1,
          null,
          1,
          1,
          1,
          1,
          null,
          1,
          0,
          0,
          0,
          0,
          0,
          0,
          0,
          0,
          null,
          null
        ]
      },
      "/home/akash.abraham/Developer/Training/Project/Viewd/app/models/credit.rb": {
        "lines": [
          1,
          1,
          1,
          null,
          1,
          null,
          1,
          1,
          null,
          1,
          15,
          null,
          null,
          1,
          43,
          null,
          null,
          1,
          1,
          null,
          null,
          null
        ]
      },
      "/home/akash.abraham/Developer/Training/Project/Viewd/app/admin/dashboard.rb": {
        "lines": [
          null,
          1,
          27,
          null,
          1,
          0,
          0,
          0,
          0,
          null,
          null,
          null,
          null,
          null,
          null,
          null,
          null,
          null,
          null,
          null,
          null,
          null,
          null,
          null,
          null,
          null,
          null,
          null,
          null,
          null,
          null,
          null,
          null
        ]
      },
      "/home/akash.abraham/Developer/Training/Project/Viewd/app/admin/genres.rb": {
        "lines": [
          1,
          1,
          null,
          1,
          null,
          1,
          0,
          0,
          0,
          0,
          0,
          null,
          0,
          null,
          null,
          1,
          0,
          0,
          0,
          null,
          0,
          0,
          0,
          0,
          0,
          null,
          null,
          null
        ]
      },
      "/home/akash.abraham/Developer/Training/Project/Viewd/app/models/genre.rb": {
        "lines": [
          1,
          1,
          null,
          1,
          null,
          1,
          17,
          null,
          null,
          1,
          1,
          null,
          null
        ]
      },
      "/home/akash.abraham/Developer/Training/Project/Viewd/app/admin/library_entries.rb": {
        "lines": [
          1,
          1,
          null,
          1,
          1,
          1,
          null,
          1,
          0,
          0,
          null,
          0,
          null,
          null,
          1,
          1,
          1,
          null,
          null,
          1,
          0,
          0,
          0,
          0,
          0,
          0,
          null,
          null,
          null,
          1,
          0,
          0,
          0,
          0,
          0,
          null,
          0,
          null,
          null,
          null,
          null
        ]
      },
      "/home/akash.abraham/Developer/Training/Project/Viewd/app/models/library_entry.rb": {
        "lines": [
          1,
          1,
          1,
          null,
          1,
          null,
          null,
          null,
          null,
          1,
          null,
          1,
          null,
          1,
          80,
          2,
          null,
          null,
          null,
          1,
          4,
          null,
          1,
          1,
          null,
          null,
          1,
          1,
          null,
          null,
          null,
          null,
          null,
          null
        ]
      },
      "/home/akash.abraham/Developer/Training/Project/Viewd/app/admin/likes.rb": {
        "lines": [
          1,
          1,
          null,
          1,
          1,
          1,
          null,
          1,
          1,
          null,
          1,
          0,
          0,
          0,
          null,
          null,
          0,
          0,
          0,
          null,
          0,
          0,
          0,
          null,
          null,
          null,
          0,
          0,
          null,
          null,
          null,
          1,
          0,
          null,
          0,
          0,
          null,
          null,
          0,
          0,
          0,
          null,
          0,
          null,
          null,
          null,
          0,
          null,
          null,
          null,
          null
        ]
      },
      "/home/akash.abraham/Developer/Training/Project/Viewd/app/models/like.rb": {
        "lines": [
          1,
          1,
          1,
          null,
          1,
          1,
          null,
          1,
          1,
          null,
          null,
          1,
          1,
          null,
          null,
          1,
          2,
          1,
          1,
          1,
          null,
          null,
          null
        ]
      },
      "/home/akash.abraham/Developer/Training/Project/Viewd/app/admin/members.rb": {
        "lines": [
          1,
          1,
          null,
          null,
          null,
          1,
          1,
          4,
          null,
          1,
          2,
          2,
          4,
          4,
          2,
          2,
          2,
          null,
          2,
          null,
          null,
          5,
          2,
          2,
          4,
          4,
          2,
          2,
          2,
          null,
          null,
          2,
          2,
          2,
          2,
          2,
          null,
          null,
          null,
          null,
          1,
          1,
          1,
          1,
          1,
          1,
          1,
          1,
          null,
          1,
          1,
          1,
          null,
          1,
          null,
          null,
          1,
          1,
          2,
          2,
          1,
          1,
          null,
          2,
          null,
          null,
          null,
          1,
          2,
          null,
          null,
          1,
          2,
          null,
          null,
          1,
          2,
          4,
          4,
          null,
          null,
          null,
          null
        ]
      },
      "/home/akash.abraham/Developer/Training/Project/Viewd/app/models/member.rb": {
        "lines": [
          1,
          1,
          1,
          1,
          1,
          1,
          1,
          1,
          1,
          1,
          1,
          1,
          1,
          1,
          null,
          1,
          null,
          null,
          null,
          null,
          null,
          null,
          null,
          null,
          null,
          null,
          null,
          null,
          1,
          null,
          1,
          null,
          1,
          241,
          241,
          2,
          null,
          null,
          null,
          1,
          61,
          null,
          null,
          1,
          36,
          null,
          null,
          null
        ]
      },
      "/home/akash.abraham/Developer/Training/Project/Viewd/app/admin/membership_tiers.rb": {
        "lines": [
          1,
          1,
          null,
          1,
          1,
          1,
          1,
          null,
          1,
          1,
          1,
          1,
          null,
          1,
          0,
          0,
          0,
          0,
          0,
          0,
          0,
          0,
          0,
          null,
          null,
          1,
          0,
          0,
          0,
          0,
          0,
          0,
          0,
          null,
          null,
          null,
          1,
          0,
          0,
          0,
          0,
          0,
          null,
          0,
          0,
          0,
          null,
          0,
          null,
          null
        ]
      },
      "/home/akash.abraham/Developer/Training/Project/Viewd/app/models/membership_tier.rb": {
        "lines": [
          1,
          1,
          1,
          null,
          1,
          null,
          null,
          1,
          1,
          1,
          null,
          1,
          29,
          12,
          17,
          1,
          null,
          null,
          null,
          null,
          1,
          null,
          null,
          null,
          null,
          null,
          null,
          null,
          null,
          null,
          null,
          null,
          null,
          1,
          null,
          null,
          null,
          null,
          1,
          1,
          null,
          null,
          1,
          1,
          null,
          null,
          null
        ]
      },
      "/home/akash.abraham/Developer/Training/Project/Viewd/app/admin/memberships.rb": {
        "lines": [
          1,
          1,
          null,
          1,
          1,
          1,
          null,
          1,
          1,
          1,
          1,
          1,
          null,
          1,
          0,
          0,
          0,
          0,
          0,
          0,
          null,
          0,
          0,
          null,
          null,
          1,
          0,
          0,
          0,
          0,
          0,
          0,
          0,
          0,
          null,
          0,
          null,
          null,
          1,
          0,
          null,
          null,
          null,
          null,
          0,
          null,
          null,
          1,
          0,
          0,
          null,
          null
        ]
      },
      "/home/akash.abraham/Developer/Training/Project/Viewd/app/models/membership.rb": {
        "lines": [
          1,
          1,
          1,
          null,
          1,
          null,
          1,
          null,
          1,
          null,
          1,
          14,
          14,
          11,
          null,
          null,
          null,
          1,
          1,
          null,
          null,
          1,
          1,
          null,
          null
        ]
      },
      "/home/akash.abraham/Developer/Training/Project/Viewd/app/admin/moderators.rb": {
        "lines": [
          1,
          1,
          null,
          null,
          1,
          1,
          1,
          null,
          1,
          0,
          0,
          0,
          0,
          0,
          0,
          0,
          null,
          null,
          1,
          0,
          0,
          0,
          0,
          0,
          0,
          null,
          null,
          null,
          1,
          0,
          null,
          0,
          0,
          0,
          0,
          0,
          null,
          0,
          0,
          0,
          null,
          0,
          null
        ]
      },
      "/home/akash.abraham/Developer/Training/Project/Viewd/app/models/moderator.rb": {
        "lines": [
          1,
          1,
          1,
          null,
          null,
          1,
          1,
          null,
          null,
          1,
          1,
          null
        ]
      },
      "/home/akash.abraham/Developer/Training/Project/Viewd/app/admin/movies.rb": {
        "lines": [
          1,
          null,
          1,
          null,
          1,
          1,
          1,
          null,
          1,
          5,
          1,
          1,
          5,
          5,
          null,
          1,
          2,
          2,
          2,
          2,
          2,
          2,
          2,
          2,
          2,
          2,
          null,
          null,
          2,
          null,
          null,
          1,
          4,
          4,
          4,
          4,
          null,
          4,
          4,
          4,
          null,
          4,
          4,
          4,
          4,
          4,
          null,
          4,
          null,
          null,
          1,
          1,
          1,
          1,
          1,
          1,
          1,
          1,
          2,
          1,
          1,
          1,
          1,
          1,
          1,
          null,
          null,
          null,
          1,
          1,
          1,
          1,
          null,
          1,
          1,
          null,
          null,
          null,
          null,
          1,
          1,
          1,
          null,
          null,
          1,
          1,
          2,
          2,
          2,
          null,
          null,
          null,
          null,
          null,
          null,
          1,
          1,
          1,
          null,
          1,
          null,
          null,
          1,
          1,
          null,
          null
        ]
      },
      "/home/akash.abraham/Developer/Training/Project/Viewd/app/models/movie.rb": {
        "lines": [
          1,
          1,
          1,
          1,
          1,
          1,
          1,
          1,
          1,
          null,
          9,
          1,
          1,
          null,
          1,
          null,
          null,
          null,
          null,
          1,
          1,
          null,
          1,
          14,
          null,
          null,
          1,
          1,
          null,
          null,
          1,
          null,
          null,
          1,
          187,
          null,
          null,
          1,
          109,
          null,
          null
        ]
      },
      "/home/akash.abraham/Developer/Training/Project/Viewd/app/admin/ratings.rb": {
        "lines": [
          1,
          1,
          null,
          1,
          1,
          null,
          1,
          0,
          0,
          0,
          0,
          null,
          0,
          0,
          null,
          0,
          null,
          null,
          1,
          0,
          0,
          0,
          0,
          null,
          0,
          null,
          null
        ]
      },
      "/home/akash.abraham/Developer/Training/Project/Viewd/app/models/rating.rb": {
        "lines": [
          1,
          null,
          1,
          1,
          null,
          1,
          null,
          1,
          1,
          null,
          1,
          null,
          1,
          19,
          19,
          17,
          null,
          null,
          null,
          1,
          1,
          null,
          null,
          1,
          1,
          null,
          null
        ]
      },
      "/home/akash.abraham/Developer/Training/Project/Viewd/app/admin/reviews.rb": {
        "lines": [
          1,
          1,
          null,
          1,
          1,
          1,
          null,
          1,
          0,
          0,
          null,
          null,
          1,
          0,
          null,
          null,
          null,
          null,
          1,
          0,
          0,
          null,
          0,
          null,
          null,
          1,
          0,
          0,
          0,
          0,
          0,
          0,
          0,
          null,
          null,
          1,
          0,
          0,
          0,
          0,
          0,
          0,
          null,
          null,
          null,
          1,
          0,
          0,
          0,
          0,
          null,
          0,
          null
        ]
      },
      "/home/akash.abraham/Developer/Training/Project/Viewd/app/models/review.rb": {
        "lines": [
          1,
          null,
          1,
          1,
          1,
          null,
          1,
          null,
          1,
          null,
          1,
          null,
          1,
          47,
          47,
          40,
          null,
          null,
          null,
          1,
          1,
          null,
          null,
          1,
          1,
          null,
          null
        ]
      },
      "/home/akash.abraham/Developer/Training/Project/Viewd/app/admin/users.rb": {
        "lines": [
          1,
          null,
          1,
          null,
          1,
          1,
          1,
          1,
          null,
          null,
          1,
          1,
          1,
          null,
          1,
          1,
          null,
          1,
          5,
          5,
          5,
          5,
          5,
          5,
          5,
          5,
          null,
          null,
          1,
          2,
          2,
          2,
          2,
          2,
          null,
          2,
          1,
          1,
          null,
          1,
          1,
          null,
          1,
          1,
          null,
          null,
          1,
          1,
          null,
          null,
          null,
          null,
          null,
          1,
          1,
          1,
          1,
          1,
          1,
          1,
          null,
          1,
          null,
          null,
          1,
          1,
          2,
          1,
          1,
          null,
          2,
          null,
          null,
          null,
          null
        ]
      },
      "/home/akash.abraham/Developer/Training/Project/Viewd/app/models/user.rb": {
        "lines": [
          1,
          null,
          null,
          1,
          null,
          null,
          1,
          null,
          1,
          null,
          null,
          null,
          null,
          1,
          1,
          null,
          1,
          1,
          null,
          null,
          1,
          1,
          null,
          null,
          7,
          7,
          null,
          1,
          372,
          null,
          null,
          1,
          372,
          null,
          null,
          1,
          347,
          null,
          null,
          null,
          null,
          null,
          null,
          1,
          2,
          2,
          2,
          null,
          null,
          null,
          1,
          1,
          null,
          null,
          1,
          225,
          null,
          null,
          1,
          4,
          null,
          null,
          null,
          1,
          1,
          1,
          null,
          null,
          null,
          null
        ]
      },
      "/home/akash.abraham/Developer/Training/Project/Viewd/app/controllers/api/v1/base_controller.rb": {
        "lines": [
          1,
          1,
          1,
          1,
          1,
          1,
          1,
          null,
          1,
          null,
          1,
          2,
          1,
          null,
          null,
          null,
          1,
          1,
          null,
          null,
          1,
          1,
          null,
          null,
          1,
          28,
          6,
          null,
          null,
          null,
          1,
          42,
          null,
          null,
          1,
          13,
          null,
          null,
          null,
          null
        ]
      },
      "/home/akash.abraham/Developer/Training/Project/Viewd/app/controllers/api/v1/casts_controller.rb": {
        "lines": [
          1,
          1,
          1,
          1,
          1,
          1,
          null,
          1,
          null,
          1,
          null,
          null,
          null,
          null,
          1,
          null,
          null,
          1,
          1,
          1,
          1,
          null,
          1,
          null,
          null,
          1,
          2,
          null,
          2,
          null,
          1,
          null,
          1,
          null,
          null,
          null,
          1,
          2,
          1,
          null,
          1,
          null,
          null,
          null,
          1,
          1,
          1,
          null,
          null,
          1,
          null,
          1,
          5,
          5,
          null,
          null,
          1,
          4,
          null,
          null,
          null
        ]
      },
      "/home/akash.abraham/Developer/Training/Project/Viewd/app/controllers/api/v1/connections_controller.rb": {
        "lines": [
          1,
          1,
          1,
          1,
          1,
          null,
          1,
          4,
          4,
          null,
          3,
          null,
          3,
          1,
          2,
          1,
          null,
          1,
          null,
          null,
          2,
          null,
          null,
          1,
          2,
          2,
          null,
          1,
          null,
          1,
          null,
          null,
          null,
          null,
          null,
          null,
          1,
          3,
          3,
          null,
          2,
          null,
          2,
          null,
          null,
          null,
          null,
          2,
          1,
          null,
          1,
          null,
          null,
          null,
          1,
          null,
          1,
          5,
          null,
          null,
          null
        ]
      },
      "/home/akash.abraham/Developer/Training/Project/Viewd/app/controllers/api/v1/genres_controller.rb": {
        "lines": [
          1,
          1,
          1,
          1,
          1,
          1,
          null,
          1,
          1,
          1,
          null,
          null,
          1,
          1,
          1,
          null,
          null,
          1,
          2,
          null,
          2,
          1,
          null,
          1,
          null,
          null,
          null,
          1,
          2,
          1,
          null,
          1,
          null,
          null,
          null,
          1,
          1,
          1,
          null,
          null,
          1,
          null,
          1,
          5,
          5,
          null,
          null,
          1,
          4,
          null,
          null,
          null
        ]
      },
      "/home/akash.abraham/Developer/Training/Project/Viewd/app/controllers/api/v1/library_entries_controller.rb": {
        "lines": [
          1,
          1,
          1,
          1,
          null,
          1,
          4,
          null,
          4,
          1,
          1,
          1,
          1,
          null,
          null,
          null,
          null,
          null,
          3,
          3,
          null,
          3,
          2,
          null,
          1,
          1,
          null,
          null,
          null,
          null,
          1,
          2,
          2,
          2,
          null,
          2,
          2,
          null,
          null,
          null,
          null,
          1,
          null,
          1,
          7,
          7,
          null,
          null,
          null
        ]
      },
      "/home/akash.abraham/Developer/Training/Project/Viewd/app/controllers/api/v1/likes_controller.rb": {
        "lines": [
          1,
          1,
          1,
          1,
          1,
          null,
          1,
          1,
          1,
          null,
          null,
          1,
          1,
          1,
          null,
          null,
          1,
          1,
          1,
          null,
          null,
          1,
          1,
          1,
          null,
          null,
          1,
          null,
          1,
          4,
          null,
          null,
          null,
          null,
          null,
          null,
          1,
          2,
          2,
          null,
          null,
          1,
          3,
          3,
          null,
          null,
          null
        ]
      },
      "/home/akash.abraham/Developer/Training/Project/Viewd/app/controllers/api/v1/members_controller.rb": {
        "lines": [
          null,
          1,
          1,
          1,
          1,
          1,
          1,
          null,
          1,
          1,
          null,
          null,
          1,
          2,
          2,
          1,
          null,
          1,
          null,
          null,
          null,
          1,
          2,
          1,
          null,
          1,
          null,
          null,
          null,
          1,
          1,
          null,
          null,
          null,
          null,
          1,
          null,
          null,
          1,
          1,
          null,
          null,
          null,
          1,
          null,
          null,
          1,
          1,
          null,
          null,
          null,
          null,
          1,
          null,
          null,
          1,
          1,
          null,
          null,
          null,
          1,
          null,
          null,
          1,
          null,
          1,
          9,
          9,
          null,
          null,
          1,
          3,
          1,
          null,
          null,
          null,
          1,
          4,
          null,
          null,
          null,
          null,
          null,
          null
        ]
      },
      "/home/akash.abraham/Developer/Training/Project/Viewd/app/controllers/api/v1/memberships_controller.rb": {
        "lines": [
          1,
          1,
          1,
          1,
          1,
          null,
          1,
          2,
          2,
          2,
          null,
          null,
          1,
          1,
          1,
          null,
          null,
          1,
          3,
          3,
          null,
          2,
          null,
          2,
          null,
          null,
          null,
          null,
          null,
          null,
          1,
          null,
          1,
          null,
          null,
          null,
          1,
          null,
          1,
          7,
          1,
          null,
          null,
          null,
          null
        ]
      },
      "/home/akash.abraham/Developer/Training/Project/Viewd/app/controllers/api/v1/moderators_controller.rb": {
        "lines": [
          1,
          1,
          1,
          1,
          1,
          null,
          1,
          1,
          null,
          null,
          1,
          2,
          1,
          null,
          1,
          null,
          null,
          null,
          1,
          1,
          1,
          null,
          null,
          1,
          null,
          1,
          5,
          5,
          null,
          null,
          1,
          2,
          null,
          null,
          null,
          null,
          null,
          null
        ]
      },
      "/home/akash.abraham/Developer/Training/Project/Viewd/app/controllers/api/v1/movies_controller.rb": {
        "lines": [
          1,
          1,
          1,
          1,
          1,
          1,
          null,
          1,
          1,
          null,
          1,
          null,
          null,
          null,
          null,
          null,
          1,
          null,
          null,
          null,
          1,
          1,
          null,
          null,
          1,
          2,
          2,
          1,
          null,
          1,
          null,
          null,
          null,
          1,
          2,
          1,
          null,
          1,
          null,
          null,
          null,
          1,
          2,
          1,
          null,
          1,
          null,
          null,
          null,
          1,
          3,
          null,
          3,
          null,
          1,
          null,
          1,
          null,
          null,
          null,
          null,
          null,
          3,
          null,
          null,
          1,
          2,
          1,
          null,
          1,
          null,
          null,
          2,
          null,
          null,
          1,
          null,
          1,
          7,
          null,
          1,
          null,
          null,
          1,
          4,
          null,
          null,
          null
        ]
      },
      "/home/akash.abraham/Developer/Training/Project/Viewd/app/controllers/api/v1/ratings_controller.rb": {
        "lines": [
          1,
          1,
          1,
          1,
          null,
          1,
          3,
          3,
          null,
          2,
          2,
          null,
          2,
          1,
          null,
          1,
          null,
          null,
          null,
          1,
          3,
          3,
          null,
          3,
          2,
          null,
          2,
          2,
          1,
          null,
          1,
          null,
          null,
          null,
          1,
          2,
          null,
          2,
          1,
          null,
          1,
          null,
          null,
          null,
          1,
          null,
          1,
          9,
          9,
          null,
          null,
          null
        ]
      },
      "/home/akash.abraham/Developer/Training/Project/Viewd/app/controllers/api/v1/reviews_controller.rb": {
        "lines": [
          1,
          1,
          1,
          1,
          1,
          1,
          1,
          1,
          null,
          1,
          1,
          null,
          null,
          null,
          null,
          null,
          1,
          null,
          null,
          1,
          1,
          1,
          null,
          null,
          1,
          2,
          2,
          null,
          2,
          1,
          null,
          1,
          null,
          null,
          null,
          1,
          2,
          1,
          null,
          1,
          null,
          null,
          null,
          1,
          null,
          2,
          1,
          null,
          1,
          null,
          null,
          null,
          1,
          null,
          1,
          5,
          5,
          null,
          null,
          1,
          6,
          6,
          6,
          null,
          null,
          1,
          3,
          1,
          null,
          null,
          null,
          1,
          5,
          1,
          null,
          null,
          null,
          1,
          4,
          null,
          null,
          null
        ]
      },
      "/home/akash.abraham/Developer/Training/Project/Viewd/app/controllers/api/v1/users_controller.rb": {
        "lines": [
          1,
          1,
          1,
          1,
          1,
          1,
          null,
          1,
          2,
          1,
          null,
          1,
          1,
          null,
          1,
          null,
          null,
          null,
          null,
          1,
          1,
          null,
          1,
          null,
          null,
          null,
          null,
          null,
          null,
          null,
          2,
          null,
          null,
          1,
          2,
          1,
          null,
          1,
          null,
          null,
          null,
          1,
          2,
          1,
          null,
          1,
          null,
          null,
          null,
          1,
          null,
          1,
          8,
          8,
          null,
          null,
          1,
          5,
          1,
          null,
          null,
          null,
          1,
          2,
          null,
          null,
          null,
          null,
          null,
          null
        ]
      },
      "/home/akash.abraham/Developer/Training/Project/Viewd/app/controllers/casts_controller.rb": {
        "lines": [
          1,
          1,
          1,
          null,
          1,
          1,
          null,
          null,
          1,
          1,
          1,
          1,
          null,
          null,
          1,
          1,
          null,
          null,
          1,
          2,
          2,
          1,
          null,
          1,
          1,
          null,
          null,
          null,
          1,
          null,
          null,
          1,
          2,
          1,
          null,
          1,
          1,
          null,
          null,
          null,
          1,
          1,
          1,
          null,
          null,
          1,
          null,
          1,
          4,
          null,
          null,
          1,
          4,
          null
        ]
      },
      "/home/akash.abraham/Developer/Training/Project/Viewd/app/controllers/connections_controller.rb": {
        "lines": [
          1,
          1,
          null,
          1,
          3,
          3,
          null,
          3,
          1,
          null,
          2,
          1,
          null,
          1,
          null,
          null,
          null,
          null,
          1,
          1,
          null,
          1,
          1,
          null,
          null,
          1,
          2,
          2,
          null,
          2,
          null,
          null,
          null,
          null,
          2,
          1,
          null,
          1,
          null,
          2,
          null,
          null,
          1,
          3,
          null
        ]
      },
      "/home/akash.abraham/Developer/Training/Project/Viewd/app/controllers/genres_controller.rb": {
        "lines": [
          1,
          1,
          1,
          null,
          1,
          1,
          null,
          null,
          1,
          1,
          null,
          null,
          1,
          1,
          null,
          null,
          1,
          2,
          2,
          1,
          null,
          1,
          1,
          null,
          null,
          null,
          1,
          null,
          null,
          1,
          2,
          1,
          null,
          1,
          1,
          null,
          null,
          null,
          1,
          1,
          1,
          null,
          null,
          1,
          null,
          1,
          5,
          null,
          null,
          1,
          4,
          null
        ]
      },
      "/home/akash.abraham/Developer/Training/Project/Viewd/app/controllers/library_entries_controller.rb": {
        "lines": [
          1,
          1,
          null,
          1,
          4,
          null,
          4,
          1,
          1,
          1,
          1,
          null,
          3,
          3,
          null,
          3,
          2,
          null,
          1,
          1,
          null,
          null,
          null,
          null,
          1,
          2,
          2,
          2,
          2,
          null,
          null,
          1,
          null,
          1,
          7,
          7,
          1,
          null,
          null,
          null
        ]
      },
      "/home/akash.abraham/Developer/Training/Project/Viewd/app/controllers/likes_controller.rb": {
        "lines": [
          1,
          1,
          null,
          1,
          3,
          1,
          1,
          null,
          null,
          2,
          null,
          2,
          1,
          null,
          1,
          null,
          null,
          2,
          null,
          null,
          1,
          3,
          null,
          3,
          1,
          1,
          null,
          2,
          null,
          2,
          1,
          null,
          1,
          null,
          null,
          2,
          null,
          null,
          1,
          null,
          1,
          7,
          7,
          null,
          7,
          1,
          null,
          1,
          1,
          null,
          null,
          null,
          7,
          1,
          null,
          null,
          null,
          null
        ]
      },
      "/home/akash.abraham/Developer/Training/Project/Viewd/app/controllers/members_controller.rb": {
        "lines": [
          1,
          1,
          null,
          1,
          2,
          1,
          null,
          1,
          null,
          null,
          null,
          1,
          2,
          1,
          null,
          1,
          null,
          null,
          null,
          1,
          2,
          1,
          null,
          1,
          null,
          null,
          null,
          1,
          2,
          1,
          null,
          1,
          null,
          null,
          null,
          1,
          null,
          1,
          9,
          9,
          1,
          null,
          null,
          null
        ]
      },
      "/home/akash.abraham/Developer/Training/Project/Viewd/app/controllers/memberships_controller.rb": {
        "lines": [
          1,
          1,
          1,
          1,
          null,
          null,
          1,
          2,
          2,
          null,
          2,
          null,
          null,
          null,
          null,
          null,
          null,
          1,
          null,
          1,
          null,
          null
        ]
      },
      "/home/akash.abraham/Developer/Training/Project/Viewd/app/controllers/movies_controller.rb": {
        "lines": [
          1,
          1,
          1,
          null,
          1,
          5,
          5,
          null,
          5,
          4,
          null,
          1,
          null,
          1,
          null,
          1,
          null,
          1,
          null,
          null,
          1,
          null,
          null,
          null,
          1,
          2,
          1,
          null,
          null,
          1,
          null,
          null,
          null,
          null,
          null,
          null,
          1,
          1,
          1,
          1,
          1,
          1,
          null,
          1,
          1,
          1,
          null,
          null,
          null,
          1,
          1,
          null,
          null,
          1,
          2,
          null,
          2,
          1,
          null,
          1,
          1,
          null,
          null,
          null,
          1,
          null,
          null,
          1,
          2,
          1,
          null,
          1,
          1,
          null,
          null,
          null,
          1,
          1,
          1,
          null,
          null,
          1,
          null,
          1,
          5,
          null,
          null,
          1,
          4,
          null,
          null,
          null,
          null,
          null
        ]
      },
      "/home/akash.abraham/Developer/Training/Project/Viewd/app/controllers/ratings_controller.rb": {
        "lines": [
          1,
          1,
          null,
          5,
          5,
          null,
          5,
          null,
          5,
          2,
          null,
          3,
          3,
          3,
          null,
          null,
          5,
          null,
          null
        ]
      },
      "/home/akash.abraham/Developer/Training/Project/Viewd/app/controllers/reviews_controller.rb": {
        "lines": [
          1,
          1,
          1,
          null,
          1,
          1,
          null,
          null,
          null,
          null,
          null,
          null,
          1,
          3,
          3,
          3,
          null,
          null,
          1,
          2,
          2,
          2,
          1,
          null,
          1,
          null,
          null,
          null,
          1,
          1,
          null,
          null,
          1,
          2,
          1,
          1,
          null,
          1,
          null,
          null,
          null,
          1,
          3,
          3,
          null,
          3,
          2,
          1,
          1,
          null,
          1,
          null,
          null,
          1,
          null,
          null,
          null,
          1,
          null,
          1,
          12,
          null,
          null,
          1,
          9,
          9,
          null,
          null,
          1,
          4,
          null
        ]
      },
      "/home/akash.abraham/Developer/Training/Project/Viewd/app/controllers/users_controller.rb": {
        "lines": [
          1,
          1,
          null,
          1,
          1,
          1,
          null,
          1,
          1,
          null,
          1,
          null,
          null,
          null,
          null,
          1,
          1,
          null,
          1,
          null,
          null,
          null,
          null,
          null,
          null,
          null,
          1,
          null,
          null,
          1,
          2,
          2,
          null,
          null,
          1,
          3,
          1,
          1,
          null,
          null,
          2,
          null,
          null,
          1,
          null,
          1,
          1,
          null,
          null,
          null,
          1,
          2,
          null,
          2,
          1,
          null,
          1,
          null,
          null,
          null,
          1,
          9,
          9,
          1,
          null,
          null,
          null,
          null,
          1,
          2,
          null,
          null,
          null,
          null
        ]
      },
      "/home/akash.abraham/Developer/Training/Project/Viewd/app/channels/application_cable/channel.rb": {
        "lines": [
          0,
          0,
          0,
          0
        ],
        "branches": {}
      },
      "/home/akash.abraham/Developer/Training/Project/Viewd/app/channels/application_cable/connection.rb": {
        "lines": [
          0,
          0,
          0,
          0
        ],
        "branches": {}
      },
      "/home/akash.abraham/Developer/Training/Project/Viewd/app/jobs/application_job.rb": {
        "lines": [
          0,
          null,
          null,
          null,
          null,
          null,
          0
        ],
        "branches": {}
      },
      "/home/akash.abraham/Developer/Training/Project/Viewd/app/mailers/application_mailer.rb": {
        "lines": [
          0,
          0,
          0,
          0
        ],
        "branches": {}
      }
    },
    "timestamp": 1768913859
  }
}
